2024-05-16T23:12:46.772+09:00  INFO 23888 --- [EnjoyTrip] [http-nio-8080-exec-5] c.s.e.common.interceptor.LogInterceptor  : REQUEST [bf2031c2-d1ec-4306-a9f7-6c088d932d79][/trip/sidoCode]
2024-05-16T23:12:46.789+09:00  INFO 23888 --- [EnjoyTrip] [http-nio-8080-exec-5] c.s.e.common.interceptor.LogInterceptor  : RESPONSE [bf2031c2-d1ec-4306-a9f7-6c088d932d79][/trip/sidoCode][com.ssafy.enjoyTrip.util.sidogugun.controller.SidoGugunController#sidoCode()]
2024-05-16T23:12:48.943+09:00  INFO 23888 --- [EnjoyTrip] [http-nio-8080-exec-4] c.s.e.common.interceptor.LogInterceptor  : REQUEST [a0ab52e1-2508-4cab-af7a-2367b69a452c][/travel/list]
2024-05-16T23:12:48.944+09:00  WARN 23888 --- [EnjoyTrip] [http-nio-8080-exec-4] .w.s.m.s.DefaultHandlerExceptionResolver : Resolved [org.springframework.web.method.annotation.MethodArgumentTypeMismatchException: Failed to convert value of type 'java.lang.String' to required type 'int'; For input string: "undefined"]
2024-05-16T23:12:48.954+09:00  INFO 23888 --- [EnjoyTrip] [http-nio-8080-exec-4] c.s.e.common.interceptor.LogInterceptor  : RESPONSE [a0ab52e1-2508-4cab-af7a-2367b69a452c][/travel/list][com.ssafy.enjoyTrip.travel.controller.TravelController#travelList(int, int)]
2024-05-16T23:12:50.014+09:00  INFO 23888 --- [EnjoyTrip] [http-nio-8080-exec-7] c.s.e.common.interceptor.LogInterceptor  : REQUEST [81408476-6f45-4ef0-9b49-601b933a995d][/travel/list]
2024-05-16T23:12:50.015+09:00  WARN 23888 --- [EnjoyTrip] [http-nio-8080-exec-7] .w.s.m.s.DefaultHandlerExceptionResolver : Resolved [org.springframework.web.method.annotation.MethodArgumentTypeMismatchException: Failed to convert value of type 'java.lang.String' to required type 'int'; For input string: "undefined"]
2024-05-16T23:12:50.015+09:00  INFO 23888 --- [EnjoyTrip] [http-nio-8080-exec-7] c.s.e.common.interceptor.LogInterceptor  : RESPONSE [81408476-6f45-4ef0-9b49-601b933a995d][/travel/list][com.ssafy.enjoyTrip.travel.controller.TravelController#travelList(int, int)]
2024-05-16T23:13:48.160+09:00  INFO 23888 --- [EnjoyTrip] [http-nio-8080-exec-8] c.s.e.common.interceptor.LogInterceptor  : REQUEST [8da940ba-db15-4c32-8646-593cf3108763][/trip/gugunCode/33]
2024-05-16T23:13:48.166+09:00  INFO 23888 --- [EnjoyTrip] [http-nio-8080-exec-8] c.s.e.common.interceptor.LogInterceptor  : RESPONSE [8da940ba-db15-4c32-8646-593cf3108763][/trip/gugunCode/33][com.ssafy.enjoyTrip.util.sidogugun.controller.SidoGugunController#gugunCode(String)]
2024-05-16T23:13:49.193+09:00  INFO 23888 --- [EnjoyTrip] [http-nio-8080-exec-6] c.s.e.common.interceptor.LogInterceptor  : REQUEST [0ebb7132-328f-474a-a840-91e72e81a2a7][/trip/gugunCode/33]
2024-05-16T23:13:49.199+09:00  INFO 23888 --- [EnjoyTrip] [http-nio-8080-exec-6] c.s.e.common.interceptor.LogInterceptor  : RESPONSE [0ebb7132-328f-474a-a840-91e72e81a2a7][/trip/gugunCode/33][com.ssafy.enjoyTrip.util.sidogugun.controller.SidoGugunController#gugunCode(String)]
2024-05-16T23:14:14.722+09:00  INFO 23888 --- [EnjoyTrip] [http-nio-8080-exec-9] c.s.e.common.interceptor.LogInterceptor  : REQUEST [76afa151-95d6-4d86-bfa0-2fe4d7bac655][/trip/sidoCode]
2024-05-16T23:14:14.724+09:00  INFO 23888 --- [EnjoyTrip] [http-nio-8080-exec-9] c.s.e.common.interceptor.LogInterceptor  : RESPONSE [76afa151-95d6-4d86-bfa0-2fe4d7bac655][/trip/sidoCode][com.ssafy.enjoyTrip.util.sidogugun.controller.SidoGugunController#sidoCode()]
2024-05-16T23:45:21.516+09:00  INFO 23888 --- [EnjoyTrip] [File Watcher] rtingClassPathChangeChangedEventListener : Restarting due to 4 class path changes (0 additions, 4 deletions, 0 modifications)
2024-05-16T23:45:21.596+09:00  INFO 23888 --- [EnjoyTrip] [Thread-5] com.zaxxer.hikari.HikariDataSource       : HikariPool-1 - Shutdown initiated...
2024-05-16T23:45:21.605+09:00  INFO 23888 --- [EnjoyTrip] [Thread-5] com.zaxxer.hikari.HikariDataSource       : HikariPool-1 - Shutdown completed.
2024-05-16T23:45:21.874+09:00  INFO 23888 --- [EnjoyTrip] [restartedMain] c.ssafy.enjoyTrip.EnjoyTripApplication   : Starting EnjoyTripApplication using Java 17.0.9 with PID 23888 (C:\SSAFY\ssafy-final-project\enjoy-trip-back\build\classes\java\main started by 김주환 in C:\SSAFY\ssafy-final-project\enjoy-trip-back)
2024-05-16T23:45:21.874+09:00  INFO 23888 --- [EnjoyTrip] [restartedMain] c.ssafy.enjoyTrip.EnjoyTripApplication   : No active profile set, falling back to 1 default profile: "default"
2024-05-16T23:45:22.519+09:00  INFO 23888 --- [EnjoyTrip] [restartedMain] o.s.b.w.embedded.tomcat.TomcatWebServer  : Tomcat initialized with port 8080 (http)
2024-05-16T23:45:22.521+09:00  INFO 23888 --- [EnjoyTrip] [restartedMain] o.apache.catalina.core.StandardService   : Starting service [Tomcat]
2024-05-16T23:45:22.521+09:00  INFO 23888 --- [EnjoyTrip] [restartedMain] o.apache.catalina.core.StandardEngine    : Starting Servlet engine: [Apache Tomcat/10.1.20]
2024-05-16T23:45:22.563+09:00  INFO 23888 --- [EnjoyTrip] [restartedMain] o.a.c.c.C.[Tomcat].[localhost].[/]       : Initializing Spring embedded WebApplicationContext
2024-05-16T23:45:22.563+09:00  INFO 23888 --- [EnjoyTrip] [restartedMain] w.s.c.ServletWebServerApplicationContext : Root WebApplicationContext: initialization completed in 685 ms
2024-05-16T23:45:24.294+09:00  INFO 23888 --- [EnjoyTrip] [restartedMain] o.s.b.d.a.OptionalLiveReloadServer       : LiveReload server is running on port 35729
2024-05-16T23:45:24.352+09:00  INFO 23888 --- [EnjoyTrip] [restartedMain] o.s.b.w.embedded.tomcat.TomcatWebServer  : Tomcat started on port 8080 (http) with context path ''
2024-05-16T23:45:24.376+09:00  INFO 23888 --- [EnjoyTrip] [restartedMain] c.ssafy.enjoyTrip.EnjoyTripApplication   : Started EnjoyTripApplication in 2.564 seconds (process running for 9130.0)
2024-05-16T23:45:24.396+09:00  INFO 23888 --- [EnjoyTrip] [restartedMain] .ConditionEvaluationDeltaLoggingListener : Condition evaluation unchanged
2024-05-16T23:45:25.773+09:00  INFO 23888 --- [EnjoyTrip] [File Watcher] rtingClassPathChangeChangedEventListener : Restarting due to 14 class path changes (4 additions, 0 deletions, 10 modifications)
2024-05-16T23:45:25.984+09:00  INFO 23888 --- [EnjoyTrip] [restartedMain] c.ssafy.enjoyTrip.EnjoyTripApplication   : Starting EnjoyTripApplication using Java 17.0.9 with PID 23888 (C:\SSAFY\ssafy-final-project\enjoy-trip-back\build\classes\java\main started by 김주환 in C:\SSAFY\ssafy-final-project\enjoy-trip-back)
2024-05-16T23:45:25.984+09:00  INFO 23888 --- [EnjoyTrip] [restartedMain] c.ssafy.enjoyTrip.EnjoyTripApplication   : No active profile set, falling back to 1 default profile: "default"
2024-05-16T23:45:26.517+09:00  INFO 23888 --- [EnjoyTrip] [restartedMain] o.s.b.w.embedded.tomcat.TomcatWebServer  : Tomcat initialized with port 8080 (http)
2024-05-16T23:45:26.517+09:00  INFO 23888 --- [EnjoyTrip] [restartedMain] o.apache.catalina.core.StandardService   : Starting service [Tomcat]
2024-05-16T23:45:26.517+09:00  INFO 23888 --- [EnjoyTrip] [restartedMain] o.apache.catalina.core.StandardEngine    : Starting Servlet engine: [Apache Tomcat/10.1.20]
2024-05-16T23:45:26.532+09:00  INFO 23888 --- [EnjoyTrip] [restartedMain] o.a.c.c.C.[Tomcat].[localhost].[/]       : Initializing Spring embedded WebApplicationContext
2024-05-16T23:45:26.532+09:00  INFO 23888 --- [EnjoyTrip] [restartedMain] w.s.c.ServletWebServerApplicationContext : Root WebApplicationContext: initialization completed in 539 ms
2024-05-16T23:45:27.352+09:00  INFO 23888 --- [EnjoyTrip] [restartedMain] o.s.b.d.a.OptionalLiveReloadServer       : LiveReload server is running on port 35729
2024-05-16T23:45:27.367+09:00  INFO 23888 --- [EnjoyTrip] [restartedMain] o.s.b.w.embedded.tomcat.TomcatWebServer  : Tomcat started on port 8080 (http) with context path ''
2024-05-16T23:45:27.373+09:00  INFO 23888 --- [EnjoyTrip] [restartedMain] c.ssafy.enjoyTrip.EnjoyTripApplication   : Started EnjoyTripApplication in 1.456 seconds (process running for 9132.997)
2024-05-16T23:45:27.374+09:00  INFO 23888 --- [EnjoyTrip] [restartedMain] .ConditionEvaluationDeltaLoggingListener : Condition evaluation unchanged
2024-05-16T23:47:20.644+09:00  INFO 23760 --- [EnjoyTrip] [Test worker] com.ssafy.enjoyTrip.travel.TestTravel    : Starting TestTravel using Java 17.0.9 with PID 23760 (started by 김주환 in C:\SSAFY\ssafy-final-project\enjoy-trip-back)
2024-05-16T23:47:20.650+09:00  INFO 23760 --- [EnjoyTrip] [Test worker] com.ssafy.enjoyTrip.travel.TestTravel    : No active profile set, falling back to 1 default profile: "default"
2024-05-16T23:47:28.001+09:00  INFO 23760 --- [EnjoyTrip] [Test worker] com.ssafy.enjoyTrip.travel.TestTravel    : Started TestTravel in 7.818 seconds (process running for 10.101)
2024-05-16T23:47:29.483+09:00  INFO 23760 --- [EnjoyTrip] [Test worker] com.zaxxer.hikari.HikariDataSource       : HikariPool-1 - Starting...
2024-05-16T23:47:29.902+09:00  INFO 23760 --- [EnjoyTrip] [Test worker] com.zaxxer.hikari.pool.HikariPool        : HikariPool-1 - Added connection com.mysql.cj.jdbc.ConnectionImpl@50a1af86
2024-05-16T23:47:29.905+09:00  INFO 23760 --- [EnjoyTrip] [Test worker] com.zaxxer.hikari.HikariDataSource       : HikariPool-1 - Start completed.
2024-05-16T23:47:30.160+09:00  INFO 23760 --- [EnjoyTrip] [SpringApplicationShutdownHook] com.zaxxer.hikari.HikariDataSource       : HikariPool-1 - Shutdown initiated...
2024-05-16T23:47:30.204+09:00  INFO 23760 --- [EnjoyTrip] [SpringApplicationShutdownHook] com.zaxxer.hikari.HikariDataSource       : HikariPool-1 - Shutdown completed.
2024-05-16T23:47:44.000+09:00  INFO 4456 --- [EnjoyTrip] [Test worker] com.ssafy.enjoyTrip.travel.TestTravel    : Starting TestTravel using Java 17.0.9 with PID 4456 (started by 김주환 in C:\SSAFY\ssafy-final-project\enjoy-trip-back)
2024-05-16T23:47:44.004+09:00  INFO 4456 --- [EnjoyTrip] [Test worker] com.ssafy.enjoyTrip.travel.TestTravel    : No active profile set, falling back to 1 default profile: "default"
2024-05-16T23:47:51.150+09:00  INFO 4456 --- [EnjoyTrip] [Test worker] com.ssafy.enjoyTrip.travel.TestTravel    : Started TestTravel in 7.538 seconds (process running for 9.477)
2024-05-16T23:47:52.731+09:00  INFO 4456 --- [EnjoyTrip] [Test worker] com.zaxxer.hikari.HikariDataSource       : HikariPool-1 - Starting...
2024-05-16T23:47:53.174+09:00  INFO 4456 --- [EnjoyTrip] [Test worker] com.zaxxer.hikari.pool.HikariPool        : HikariPool-1 - Added connection com.mysql.cj.jdbc.ConnectionImpl@6765b6a2
2024-05-16T23:47:53.177+09:00  INFO 4456 --- [EnjoyTrip] [Test worker] com.zaxxer.hikari.HikariDataSource       : HikariPool-1 - Start completed.
2024-05-16T23:47:53.443+09:00  INFO 4456 --- [EnjoyTrip] [SpringApplicationShutdownHook] com.zaxxer.hikari.HikariDataSource       : HikariPool-1 - Shutdown initiated...
2024-05-16T23:47:53.485+09:00  INFO 4456 --- [EnjoyTrip] [SpringApplicationShutdownHook] com.zaxxer.hikari.HikariDataSource       : HikariPool-1 - Shutdown completed.
2024-05-16T23:48:33.535+09:00  INFO 27384 --- [EnjoyTrip] [Test worker] com.ssafy.enjoyTrip.travel.TestTravel    : Starting TestTravel using Java 17.0.9 with PID 27384 (started by 김주환 in C:\SSAFY\ssafy-final-project\enjoy-trip-back)
2024-05-16T23:48:33.539+09:00  INFO 27384 --- [EnjoyTrip] [Test worker] com.ssafy.enjoyTrip.travel.TestTravel    : No active profile set, falling back to 1 default profile: "default"
2024-05-16T23:48:41.607+09:00  INFO 27384 --- [EnjoyTrip] [Test worker] com.ssafy.enjoyTrip.travel.TestTravel    : Started TestTravel in 8.573 seconds (process running for 11.808)
2024-05-16T23:48:43.348+09:00  INFO 27384 --- [EnjoyTrip] [Test worker] com.zaxxer.hikari.HikariDataSource       : HikariPool-1 - Starting...
2024-05-16T23:48:43.945+09:00  INFO 27384 --- [EnjoyTrip] [Test worker] com.zaxxer.hikari.pool.HikariPool        : HikariPool-1 - Added connection com.mysql.cj.jdbc.ConnectionImpl@50a1af86
2024-05-16T23:48:43.948+09:00  INFO 27384 --- [EnjoyTrip] [Test worker] com.zaxxer.hikari.HikariDataSource       : HikariPool-1 - Start completed.
2024-05-16T23:48:44.196+09:00  INFO 27384 --- [EnjoyTrip] [SpringApplicationShutdownHook] com.zaxxer.hikari.HikariDataSource       : HikariPool-1 - Shutdown initiated...
2024-05-16T23:48:44.209+09:00  INFO 27384 --- [EnjoyTrip] [SpringApplicationShutdownHook] com.zaxxer.hikari.HikariDataSource       : HikariPool-1 - Shutdown completed.
2024-05-16T23:54:19.050+09:00  INFO 23888 --- [EnjoyTrip] [http-nio-8080-exec-1] o.a.c.c.C.[Tomcat].[localhost].[/]       : Initializing Spring DispatcherServlet 'dispatcherServlet'
2024-05-16T23:54:19.051+09:00  INFO 23888 --- [EnjoyTrip] [http-nio-8080-exec-1] o.s.web.servlet.DispatcherServlet        : Initializing Servlet 'dispatcherServlet'
2024-05-16T23:54:19.052+09:00  INFO 23888 --- [EnjoyTrip] [http-nio-8080-exec-1] o.s.web.servlet.DispatcherServlet        : Completed initialization in 1 ms
2024-05-16T23:54:19.055+09:00  INFO 23888 --- [EnjoyTrip] [http-nio-8080-exec-1] c.s.e.common.interceptor.LogInterceptor  : REQUEST [477b218f-c7b1-4309-9851-59a10fccb107][/trip/sidoCode]
2024-05-16T23:54:19.059+09:00  INFO 23888 --- [EnjoyTrip] [http-nio-8080-exec-1] com.zaxxer.hikari.HikariDataSource       : HikariPool-2 - Starting...
2024-05-16T23:54:19.096+09:00  INFO 23888 --- [EnjoyTrip] [http-nio-8080-exec-1] com.zaxxer.hikari.pool.HikariPool        : HikariPool-2 - Added connection com.mysql.cj.jdbc.ConnectionImpl@38c9dbe5
2024-05-16T23:54:19.097+09:00  INFO 23888 --- [EnjoyTrip] [http-nio-8080-exec-1] com.zaxxer.hikari.HikariDataSource       : HikariPool-2 - Start completed.
2024-05-16T23:54:19.114+09:00  INFO 23888 --- [EnjoyTrip] [http-nio-8080-exec-1] c.s.e.common.interceptor.LogInterceptor  : RESPONSE [477b218f-c7b1-4309-9851-59a10fccb107][/trip/sidoCode][com.ssafy.enjoyTrip.util.sidogugun.controller.SidoGugunController#sidoCode()]
2024-05-16T23:54:27.530+09:00  INFO 23888 --- [EnjoyTrip] [http-nio-8080-exec-7] c.s.e.common.interceptor.LogInterceptor  : REQUEST [364a8033-10df-42f7-973e-34eb83171c84][/trip/gugunCode/7]
2024-05-16T23:54:27.540+09:00  INFO 23888 --- [EnjoyTrip] [http-nio-8080-exec-7] c.s.e.common.interceptor.LogInterceptor  : RESPONSE [364a8033-10df-42f7-973e-34eb83171c84][/trip/gugunCode/7][com.ssafy.enjoyTrip.util.sidogugun.controller.SidoGugunController#gugunCode(String)]
2024-05-16T23:54:28.624+09:00  INFO 23888 --- [EnjoyTrip] [http-nio-8080-exec-3] c.s.e.common.interceptor.LogInterceptor  : REQUEST [6bbbf95b-94a1-4040-8ee1-d7f82c642991][/trip/gugunCode/7]
2024-05-16T23:54:28.630+09:00  INFO 23888 --- [EnjoyTrip] [http-nio-8080-exec-3] c.s.e.common.interceptor.LogInterceptor  : RESPONSE [6bbbf95b-94a1-4040-8ee1-d7f82c642991][/trip/gugunCode/7][com.ssafy.enjoyTrip.util.sidogugun.controller.SidoGugunController#gugunCode(String)]
2024-05-16T23:54:30.855+09:00  INFO 23888 --- [EnjoyTrip] [http-nio-8080-exec-4] c.s.e.common.interceptor.LogInterceptor  : REQUEST [8c363040-a971-4f4e-b8c0-a2b5608f55d3][/travel/list]
2024-05-16T23:54:30.917+09:00  INFO 23888 --- [EnjoyTrip] [http-nio-8080-exec-4] c.s.e.common.interceptor.LogInterceptor  : RESPONSE [8c363040-a971-4f4e-b8c0-a2b5608f55d3][/travel/list][com.ssafy.enjoyTrip.travel.controller.TravelController#travelList(int, int)]
2024-05-16T23:55:08.525+09:00  INFO 23888 --- [EnjoyTrip] [http-nio-8080-exec-5] c.s.e.common.interceptor.LogInterceptor  : REQUEST [311d9200-9a25-4629-8645-1c9c1e176c4e][/trip/sidoCode]
2024-05-16T23:55:08.533+09:00  INFO 23888 --- [EnjoyTrip] [http-nio-8080-exec-5] c.s.e.common.interceptor.LogInterceptor  : RESPONSE [311d9200-9a25-4629-8645-1c9c1e176c4e][/trip/sidoCode][com.ssafy.enjoyTrip.util.sidogugun.controller.SidoGugunController#sidoCode()]
2024-05-16T23:55:12.031+09:00  INFO 23888 --- [EnjoyTrip] [http-nio-8080-exec-6] c.s.e.common.interceptor.LogInterceptor  : REQUEST [d2680d41-53c9-4e7f-a71d-2d603fa9de10][/trip/gugunCode/34]
2024-05-16T23:55:12.046+09:00  INFO 23888 --- [EnjoyTrip] [http-nio-8080-exec-6] c.s.e.common.interceptor.LogInterceptor  : RESPONSE [d2680d41-53c9-4e7f-a71d-2d603fa9de10][/trip/gugunCode/34][com.ssafy.enjoyTrip.util.sidogugun.controller.SidoGugunController#gugunCode(String)]
2024-05-16T23:55:13.077+09:00  INFO 23888 --- [EnjoyTrip] [http-nio-8080-exec-8] c.s.e.common.interceptor.LogInterceptor  : REQUEST [39fb961d-e0d6-416f-992a-3ec8300bad30][/trip/gugunCode/34]
2024-05-16T23:55:13.080+09:00  INFO 23888 --- [EnjoyTrip] [http-nio-8080-exec-8] c.s.e.common.interceptor.LogInterceptor  : RESPONSE [39fb961d-e0d6-416f-992a-3ec8300bad30][/trip/gugunCode/34][com.ssafy.enjoyTrip.util.sidogugun.controller.SidoGugunController#gugunCode(String)]
2024-05-16T23:55:15.314+09:00  INFO 23888 --- [EnjoyTrip] [http-nio-8080-exec-2] c.s.e.common.interceptor.LogInterceptor  : REQUEST [b4206e5a-f3f5-4f25-ac41-bc1d518476a4][/travel/list]
2024-05-16T23:55:15.358+09:00  INFO 23888 --- [EnjoyTrip] [http-nio-8080-exec-2] c.s.e.common.interceptor.LogInterceptor  : RESPONSE [b4206e5a-f3f5-4f25-ac41-bc1d518476a4][/travel/list][com.ssafy.enjoyTrip.travel.controller.TravelController#travelList(int, int)]
2024-05-16T23:55:54.893+09:00  INFO 23888 --- [EnjoyTrip] [http-nio-8080-exec-9] c.s.e.common.interceptor.LogInterceptor  : REQUEST [606ab4ef-fba5-4a5f-9ec7-b7d973dcb4bb][/trip/sidoCode]
2024-05-16T23:55:54.899+09:00  INFO 23888 --- [EnjoyTrip] [http-nio-8080-exec-9] c.s.e.common.interceptor.LogInterceptor  : RESPONSE [606ab4ef-fba5-4a5f-9ec7-b7d973dcb4bb][/trip/sidoCode][com.ssafy.enjoyTrip.util.sidogugun.controller.SidoGugunController#sidoCode()]
2024-05-16T23:55:58.599+09:00  INFO 23888 --- [EnjoyTrip] [http-nio-8080-exec-10] c.s.e.common.interceptor.LogInterceptor  : REQUEST [81025c40-7e44-4564-94f3-5da28be604e2][/trip/gugunCode/37]
2024-05-16T23:55:58.603+09:00  INFO 23888 --- [EnjoyTrip] [http-nio-8080-exec-10] c.s.e.common.interceptor.LogInterceptor  : RESPONSE [81025c40-7e44-4564-94f3-5da28be604e2][/trip/gugunCode/37][com.ssafy.enjoyTrip.util.sidogugun.controller.SidoGugunController#gugunCode(String)]
2024-05-16T23:55:59.267+09:00  INFO 23888 --- [EnjoyTrip] [http-nio-8080-exec-1] c.s.e.common.interceptor.LogInterceptor  : REQUEST [34e49680-8722-4cea-8390-7b80cacaa8f8][/trip/gugunCode/37]
2024-05-16T23:55:59.273+09:00  INFO 23888 --- [EnjoyTrip] [http-nio-8080-exec-1] c.s.e.common.interceptor.LogInterceptor  : RESPONSE [34e49680-8722-4cea-8390-7b80cacaa8f8][/trip/gugunCode/37][com.ssafy.enjoyTrip.util.sidogugun.controller.SidoGugunController#gugunCode(String)]
2024-05-16T23:56:00.725+09:00  INFO 23888 --- [EnjoyTrip] [http-nio-8080-exec-7] c.s.e.common.interceptor.LogInterceptor  : REQUEST [5b991cf8-4053-460b-a597-4c0d1486fe5d][/travel/list]
2024-05-16T23:56:00.765+09:00  INFO 23888 --- [EnjoyTrip] [http-nio-8080-exec-7] c.s.e.common.interceptor.LogInterceptor  : RESPONSE [5b991cf8-4053-460b-a597-4c0d1486fe5d][/travel/list][com.ssafy.enjoyTrip.travel.controller.TravelController#travelList(int, int)]
2024-05-16T23:56:10.073+09:00  INFO 23888 --- [EnjoyTrip] [http-nio-8080-exec-3] c.s.e.common.interceptor.LogInterceptor  : REQUEST [792c7308-4655-4033-85f3-deeadef9856a][/trip/sidoCode]
2024-05-16T23:56:10.080+09:00  INFO 23888 --- [EnjoyTrip] [http-nio-8080-exec-3] c.s.e.common.interceptor.LogInterceptor  : RESPONSE [792c7308-4655-4033-85f3-deeadef9856a][/trip/sidoCode][com.ssafy.enjoyTrip.util.sidogugun.controller.SidoGugunController#sidoCode()]
2024-05-16T23:56:15.427+09:00  INFO 23888 --- [EnjoyTrip] [http-nio-8080-exec-4] c.s.e.common.interceptor.LogInterceptor  : REQUEST [035f68d8-afab-4f89-a9db-90f15273ef58][/trip/gugunCode/1]
2024-05-16T23:56:15.432+09:00  INFO 23888 --- [EnjoyTrip] [http-nio-8080-exec-4] c.s.e.common.interceptor.LogInterceptor  : RESPONSE [035f68d8-afab-4f89-a9db-90f15273ef58][/trip/gugunCode/1][com.ssafy.enjoyTrip.util.sidogugun.controller.SidoGugunController#gugunCode(String)]
2024-05-16T23:56:16.309+09:00  INFO 23888 --- [EnjoyTrip] [http-nio-8080-exec-5] c.s.e.common.interceptor.LogInterceptor  : REQUEST [f23d59d9-d105-4244-a31b-a6466adeaf85][/trip/gugunCode/1]
2024-05-16T23:56:16.314+09:00  INFO 23888 --- [EnjoyTrip] [http-nio-8080-exec-5] c.s.e.common.interceptor.LogInterceptor  : RESPONSE [f23d59d9-d105-4244-a31b-a6466adeaf85][/trip/gugunCode/1][com.ssafy.enjoyTrip.util.sidogugun.controller.SidoGugunController#gugunCode(String)]
2024-05-16T23:56:21.606+09:00  INFO 23888 --- [EnjoyTrip] [http-nio-8080-exec-6] c.s.e.common.interceptor.LogInterceptor  : REQUEST [9d95b24a-95d9-4c3d-b160-20d9484ec0ea][/travel/content]
2024-05-16T23:56:21.668+09:00  INFO 23888 --- [EnjoyTrip] [http-nio-8080-exec-6] c.s.e.common.interceptor.LogInterceptor  : RESPONSE [9d95b24a-95d9-4c3d-b160-20d9484ec0ea][/travel/content][com.ssafy.enjoyTrip.travel.controller.TravelController#travelListByContent(int, int, String)]
2024-05-16T23:57:06.816+09:00  INFO 23888 --- [EnjoyTrip] [http-nio-8080-exec-8] c.s.e.common.interceptor.LogInterceptor  : REQUEST [60ce1b29-012a-4132-95ae-750671a6cfa1][/trip/sidoCode]
2024-05-16T23:57:06.822+09:00  INFO 23888 --- [EnjoyTrip] [http-nio-8080-exec-8] c.s.e.common.interceptor.LogInterceptor  : RESPONSE [60ce1b29-012a-4132-95ae-750671a6cfa1][/trip/sidoCode][com.ssafy.enjoyTrip.util.sidogugun.controller.SidoGugunController#sidoCode()]
2024-05-16T23:57:10.042+09:00  INFO 23888 --- [EnjoyTrip] [http-nio-8080-exec-2] c.s.e.common.interceptor.LogInterceptor  : REQUEST [00fadb87-a26c-4ef8-8a9d-e46654f7a774][/travel/content]
2024-05-16T23:57:10.078+09:00  INFO 23888 --- [EnjoyTrip] [http-nio-8080-exec-2] c.s.e.common.interceptor.LogInterceptor  : RESPONSE [00fadb87-a26c-4ef8-8a9d-e46654f7a774][/travel/content][com.ssafy.enjoyTrip.travel.controller.TravelController#travelListByContent(int, int, String)]
2024-05-16T23:59:08.443+09:00  INFO 23888 --- [EnjoyTrip] [http-nio-8080-exec-10] c.s.e.common.interceptor.LogInterceptor  : REQUEST [e240624b-4a04-4420-9d91-33e0ab1703a1][/travel/content]
2024-05-16T23:59:08.506+09:00  INFO 23888 --- [EnjoyTrip] [http-nio-8080-exec-10] c.s.e.common.interceptor.LogInterceptor  : RESPONSE [e240624b-4a04-4420-9d91-33e0ab1703a1][/travel/content][com.ssafy.enjoyTrip.travel.controller.TravelController#travelListByContent(int, int, String)]
2024-05-16T23:59:25.106+09:00  INFO 23888 --- [EnjoyTrip] [http-nio-8080-exec-1] c.s.e.common.interceptor.LogInterceptor  : REQUEST [f6ee16e4-1868-4dc5-b596-92da35a42b19][/travel/content]
2024-05-16T23:59:25.129+09:00  INFO 23888 --- [EnjoyTrip] [http-nio-8080-exec-1] c.s.e.common.interceptor.LogInterceptor  : RESPONSE [f6ee16e4-1868-4dc5-b596-92da35a42b19][/travel/content][com.ssafy.enjoyTrip.travel.controller.TravelController#travelListByContent(int, int, String)]
2024-05-16T23:59:40.276+09:00  INFO 23888 --- [EnjoyTrip] [http-nio-8080-exec-7] c.s.e.common.interceptor.LogInterceptor  : REQUEST [b0d74795-0e35-4bc1-a6dd-77debd2b0b40][/travel/content]
2024-05-16T23:59:40.311+09:00  INFO 23888 --- [EnjoyTrip] [http-nio-8080-exec-7] c.s.e.common.interceptor.LogInterceptor  : RESPONSE [b0d74795-0e35-4bc1-a6dd-77debd2b0b40][/travel/content][com.ssafy.enjoyTrip.travel.controller.TravelController#travelListByContent(int, int, String)]
