2024-05-18T00:00:44.982+09:00  INFO 27020 --- [EnjoyTrip] [Test worker] c.s.e.recommand.RecommendDaoTest         : Starting RecommendDaoTest using Java 17.0.9 with PID 27020 (started by 김주환 in C:\SSAFY\ssafy-final-project\enjoy-trip-back)
2024-05-18T00:00:44.998+09:00  INFO 27020 --- [EnjoyTrip] [Test worker] c.s.e.recommand.RecommendDaoTest         : No active profile set, falling back to 1 default profile: "default"
2024-05-18T00:00:52.379+09:00  INFO 27020 --- [EnjoyTrip] [Test worker] c.s.e.recommand.RecommendDaoTest         : Started RecommendDaoTest in 7.738 seconds (process running for 9.709)
2024-05-18T00:00:54.077+09:00  INFO 27020 --- [EnjoyTrip] [Test worker] com.zaxxer.hikari.HikariDataSource       : HikariPool-1 - Starting...
2024-05-18T00:00:54.511+09:00  INFO 27020 --- [EnjoyTrip] [Test worker] com.zaxxer.hikari.pool.HikariPool        : HikariPool-1 - Added connection com.mysql.cj.jdbc.ConnectionImpl@fe38c0e
2024-05-18T00:00:54.514+09:00  INFO 27020 --- [EnjoyTrip] [Test worker] com.zaxxer.hikari.HikariDataSource       : HikariPool-1 - Start completed.
2024-05-18T00:00:55.583+09:00  INFO 27020 --- [EnjoyTrip] [SpringApplicationShutdownHook] com.zaxxer.hikari.HikariDataSource       : HikariPool-1 - Shutdown initiated...
2024-05-18T00:00:55.613+09:00  INFO 27020 --- [EnjoyTrip] [SpringApplicationShutdownHook] com.zaxxer.hikari.HikariDataSource       : HikariPool-1 - Shutdown completed.
2024-05-18T00:07:11.189+09:00  INFO 9576 --- [EnjoyTrip] [Test worker] c.s.e.recommand.RecommendDaoTest         : Starting RecommendDaoTest using Java 17.0.9 with PID 9576 (started by 김주환 in C:\SSAFY\ssafy-final-project\enjoy-trip-back)
2024-05-18T00:07:11.192+09:00  INFO 9576 --- [EnjoyTrip] [Test worker] c.s.e.recommand.RecommendDaoTest         : No active profile set, falling back to 1 default profile: "default"
2024-05-18T00:07:19.609+09:00  INFO 9576 --- [EnjoyTrip] [Test worker] c.s.e.recommand.RecommendDaoTest         : Started RecommendDaoTest in 8.767 seconds (process running for 10.498)
2024-05-18T00:07:20.981+09:00  INFO 9576 --- [EnjoyTrip] [Test worker] com.zaxxer.hikari.HikariDataSource       : HikariPool-1 - Starting...
2024-05-18T00:07:21.424+09:00  INFO 9576 --- [EnjoyTrip] [Test worker] com.zaxxer.hikari.pool.HikariPool        : HikariPool-1 - Added connection com.mysql.cj.jdbc.ConnectionImpl@5a654e05
2024-05-18T00:07:21.427+09:00  INFO 9576 --- [EnjoyTrip] [Test worker] com.zaxxer.hikari.HikariDataSource       : HikariPool-1 - Start completed.
2024-05-18T00:07:21.586+09:00  INFO 9576 --- [EnjoyTrip] [SpringApplicationShutdownHook] com.zaxxer.hikari.HikariDataSource       : HikariPool-1 - Shutdown initiated...
2024-05-18T00:07:21.598+09:00  INFO 9576 --- [EnjoyTrip] [SpringApplicationShutdownHook] com.zaxxer.hikari.HikariDataSource       : HikariPool-1 - Shutdown completed.
2024-05-18T00:07:43.083+09:00  INFO 10736 --- [EnjoyTrip] [Test worker] c.s.e.recommand.RecommendDaoTest         : Starting RecommendDaoTest using Java 17.0.9 with PID 10736 (started by 김주환 in C:\SSAFY\ssafy-final-project\enjoy-trip-back)
2024-05-18T00:07:43.086+09:00  INFO 10736 --- [EnjoyTrip] [Test worker] c.s.e.recommand.RecommendDaoTest         : No active profile set, falling back to 1 default profile: "default"
2024-05-18T00:07:50.914+09:00  INFO 10736 --- [EnjoyTrip] [Test worker] c.s.e.recommand.RecommendDaoTest         : Started RecommendDaoTest in 8.171 seconds (process running for 9.745)
2024-05-18T00:07:52.640+09:00  INFO 10736 --- [EnjoyTrip] [Test worker] com.zaxxer.hikari.HikariDataSource       : HikariPool-1 - Starting...
2024-05-18T00:07:53.038+09:00  INFO 10736 --- [EnjoyTrip] [Test worker] com.zaxxer.hikari.pool.HikariPool        : HikariPool-1 - Added connection com.mysql.cj.jdbc.ConnectionImpl@23dc70c1
2024-05-18T00:07:53.040+09:00  INFO 10736 --- [EnjoyTrip] [Test worker] com.zaxxer.hikari.HikariDataSource       : HikariPool-1 - Start completed.
2024-05-18T00:07:53.201+09:00  INFO 10736 --- [EnjoyTrip] [SpringApplicationShutdownHook] com.zaxxer.hikari.HikariDataSource       : HikariPool-1 - Shutdown initiated...
2024-05-18T00:07:53.211+09:00  INFO 10736 --- [EnjoyTrip] [SpringApplicationShutdownHook] com.zaxxer.hikari.HikariDataSource       : HikariPool-1 - Shutdown completed.
2024-05-18T00:08:12.462+09:00  INFO 22820 --- [EnjoyTrip] [Test worker] c.s.e.recommand.RecommendDaoTest         : Starting RecommendDaoTest using Java 17.0.9 with PID 22820 (started by 김주환 in C:\SSAFY\ssafy-final-project\enjoy-trip-back)
2024-05-18T00:08:12.466+09:00  INFO 22820 --- [EnjoyTrip] [Test worker] c.s.e.recommand.RecommendDaoTest         : No active profile set, falling back to 1 default profile: "default"
2024-05-18T00:08:21.120+09:00  INFO 22820 --- [EnjoyTrip] [Test worker] c.s.e.recommand.RecommendDaoTest         : Started RecommendDaoTest in 9.09 seconds (process running for 11.398)
2024-05-18T00:08:45.376+09:00  INFO 27432 --- [EnjoyTrip] [Test worker] c.s.e.recommand.RecommendDaoTest         : Starting RecommendDaoTest using Java 17.0.9 with PID 27432 (started by 김주환 in C:\SSAFY\ssafy-final-project\enjoy-trip-back)
2024-05-18T00:08:45.380+09:00  INFO 27432 --- [EnjoyTrip] [Test worker] c.s.e.recommand.RecommendDaoTest         : No active profile set, falling back to 1 default profile: "default"
2024-05-18T00:08:53.292+09:00  INFO 27432 --- [EnjoyTrip] [Test worker] c.s.e.recommand.RecommendDaoTest         : Started RecommendDaoTest in 8.252 seconds (process running for 9.897)
2024-05-18T00:09:49.889+09:00  INFO 30368 --- [EnjoyTrip] [Test worker] c.s.e.recommand.RecommendDaoTest         : Starting RecommendDaoTest using Java 17.0.9 with PID 30368 (started by 김주환 in C:\SSAFY\ssafy-final-project\enjoy-trip-back)
2024-05-18T00:09:49.891+09:00  INFO 30368 --- [EnjoyTrip] [Test worker] c.s.e.recommand.RecommendDaoTest         : No active profile set, falling back to 1 default profile: "default"
2024-05-18T00:09:57.746+09:00  INFO 30368 --- [EnjoyTrip] [Test worker] c.s.e.recommand.RecommendDaoTest         : Started RecommendDaoTest in 8.152 seconds (process running for 9.677)
2024-05-18T00:09:59.173+09:00  INFO 30368 --- [EnjoyTrip] [Test worker] com.zaxxer.hikari.HikariDataSource       : HikariPool-1 - Starting...
2024-05-18T00:09:59.606+09:00  INFO 30368 --- [EnjoyTrip] [Test worker] com.zaxxer.hikari.pool.HikariPool        : HikariPool-1 - Added connection com.mysql.cj.jdbc.ConnectionImpl@6d946eee
2024-05-18T00:09:59.609+09:00  INFO 30368 --- [EnjoyTrip] [Test worker] com.zaxxer.hikari.HikariDataSource       : HikariPool-1 - Start completed.
2024-05-18T00:09:59.845+09:00  INFO 30368 --- [EnjoyTrip] [SpringApplicationShutdownHook] com.zaxxer.hikari.HikariDataSource       : HikariPool-1 - Shutdown initiated...
2024-05-18T00:09:59.862+09:00  INFO 30368 --- [EnjoyTrip] [SpringApplicationShutdownHook] com.zaxxer.hikari.HikariDataSource       : HikariPool-1 - Shutdown completed.
